<?xml version="1.0" encoding="UTF-8"?>
<!-- Generated by org.testng.reporters.JUnitXMLReporter -->
<testsuite ignored="0" hostname="suba-pc" failures="1" tests="3" name="Test2" time="10.487" errors="0" timestamp="2023-03-28T22:26:13 EDT">
  <testcase classname="tests.LoginTest" name="@AfterMethod close" time="0.0">
    <failure type="java.lang.NullPointerException" message="Cannot invoke &amp;quot;org.openqa.selenium.WebDriver.quit()&amp;quot; because &amp;quot;this.driver&amp;quot; is null">
      <![CDATA[java.lang.NullPointerException: Cannot invoke "org.openqa.selenium.WebDriver.quit()" because "this.driver" is null
at tests.LoginTest.close(LoginTest.java:106)
at java.base/java.util.ArrayList.forEach(ArrayList.java:1511)
at java.base/java.util.concurrent.FutureTask.run(FutureTask.java:264)
at java.base/java.util.concurrent.ThreadPoolExecutor.runWorker(ThreadPoolExecutor.java:1136)
at java.base/java.util.concurrent.ThreadPoolExecutor$Worker.run(ThreadPoolExecutor.java:635)
at java.base/java.lang.Thread.run(Thread.java:833)
... Removed 23 stack frames]]>
    </failure>
  </testcase> <!-- @AfterMethod close -->
  <testcase classname="tests.ProductThumb" name="@BeforeMethod launchBrowser" time="-1.680056773086E9">
    <skipped/>
  </testcase> <!-- @BeforeMethod launchBrowser -->
  <testcase classname="tests.ProductThumb" name="@AfterMethod closeTwo" time="-1.680056773095E9">
    <skipped/>
  </testcase> <!-- @AfterMethod closeTwo -->
  <testcase classname="tests.LoginTest" name="@AfterMethod close" time="-1.680056773096E9">
    <skipped/>
  </testcase> <!-- @AfterMethod close -->
  <testcase classname="tests.ProductThumb" name="@BeforeMethod launchBrowser" time="-1.680056773097E9">
    <skipped/>
  </testcase> <!-- @BeforeMethod launchBrowser -->
  <testcase classname="tests.ProductThumb" name="@AfterMethod closeTwo" time="-1.6800567731E9">
    <skipped/>
  </testcase> <!-- @AfterMethod closeTwo -->
  <testcase classname="tests.LoginTest" name="@AfterMethod close" time="-1.680056773101E9">
    <skipped/>
  </testcase> <!-- @AfterMethod close -->
  <testcase classname="tests.LoginTest" name="loginMethod" time="0.039">
    <failure type="java.lang.NullPointerException" message="Cannot invoke &amp;quot;org.openqa.selenium.SearchContext.findElement(org.openqa.selenium.By)&amp;quot; because &amp;quot;this.searchContext&amp;quot; is null">
      <![CDATA[java.lang.NullPointerException: Cannot invoke "org.openqa.selenium.SearchContext.findElement(org.openqa.selenium.By)" because "this.searchContext" is null
at org.openqa.selenium.support.pagefactory.DefaultElementLocator.findElement(DefaultElementLocator.java:70)
at org.openqa.selenium.support.pagefactory.internal.LocatingElementHandler.invoke(LocatingElementHandler.java:39)
at jdk.proxy2/jdk.proxy2.$Proxy18.click(Unknown Source)
at tests.LoginTest.loginMethod(LoginTest.java:38)
at java.base/java.util.ArrayList.forEach(ArrayList.java:1511)
at java.base/java.util.concurrent.FutureTask.run(FutureTask.java:264)
at java.base/java.util.concurrent.ThreadPoolExecutor.runWorker(ThreadPoolExecutor.java:1136)
at java.base/java.util.concurrent.ThreadPoolExecutor$Worker.run(ThreadPoolExecutor.java:635)
at java.base/java.lang.Thread.run(Thread.java:833)
... Removed 18 stack frames]]>
    </failure>
  </testcase> <!-- loginMethod -->
  <testcase classname="tests.LoginTest" name="loginMethod" time="0.0">
    <skipped/>
  </testcase> <!-- loginMethod -->
  <testcase classname="tests.ProductThumb" name="addtocart" time="0.0">
    <skipped/>
  </testcase> <!-- addtocart -->
</testsuite> <!-- Test2 -->
